c:\users\aidan\documents\odeum\odeumsummerupdate\odeumengine\odeumengine\x64\debug\odeumengine.pch
c:\users\aidan\documents\odeum\odeumsummerupdate\odeumengine\odeumengine\x64\debug\vc142.pdb
c:\users\aidan\documents\odeum\odeumsummerupdate\odeumengine\odeumengine\x64\debug\vc142.idb
c:\users\aidan\documents\odeum\odeumsummerupdate\odeumengine\odeumengine\x64\debug\pch.obj
c:\users\aidan\documents\odeum\odeumsummerupdate\odeumengine\odeumengine\x64\debug\rootsignature.obj
c:\users\aidan\documents\odeum\odeumsummerupdate\odeumengine\odeumengine\x64\debug\graphicscontext.obj
c:\users\aidan\documents\odeum\odeumsummerupdate\odeumengine\odeumengine\x64\debug\descriptorallocator.obj
c:\users\aidan\documents\odeum\odeumsummerupdate\odeumengine\odeumengine\x64\debug\d3drenderapi.obj
c:\users\aidan\documents\odeum\odeumsummerupdate\odeumengine\odeumengine\x64\debug\d3dcore.obj
c:\users\aidan\documents\odeum\odeumsummerupdate\odeumengine\odeumengine\x64\debug\d3dbuffer.obj
c:\users\aidan\documents\odeum\odeumsummerupdate\odeumengine\odeumengine\x64\debug\event.obj
c:\users\aidan\documents\odeum\odeumsummerupdate\odeumengine\odeumengine\x64\debug\window.obj
c:\users\aidan\documents\odeum\odeumsummerupdate\odeumengine\odeumengine\x64\debug\timer.obj
c:\users\aidan\documents\odeum\odeumsummerupdate\odeumengine\odeumengine\x64\debug\odeumengine.obj
c:\users\aidan\documents\odeum\odeumsummerupdate\odeumengine\odeumengine\x64\debug\debug.obj
c:\users\aidan\documents\odeum\odeumsummerupdate\odeumengine\odeumengine\x64\debug\coresystem.obj
c:\users\aidan\documents\odeum\odeumsummerupdate\odeumengine\odeumengine\x64\debug\app.obj
c:\users\aidan\documents\odeum\odeumsummerupdate\odeumengine\odeumengine\x64\debug\pipelinestate.obj
c:\users\aidan\documents\odeum\odeumsummerupdate\odeumengine\x64\debug\odeumengine.exe
c:\users\aidan\documents\odeum\odeumsummerupdate\odeumengine\x64\debug\odeumengine.ilk
c:\users\aidan\documents\odeum\odeumsummerupdate\odeumengine\x64\debug\odeumengine.pdb
c:\users\aidan\documents\odeum\odeumsummerupdate\odeumengine\odeumengine\x64\debug\odeumengine.tlog\cl.command.1.tlog
c:\users\aidan\documents\odeum\odeumsummerupdate\odeumengine\odeumengine\x64\debug\odeumengine.tlog\cl.read.1.tlog
c:\users\aidan\documents\odeum\odeumsummerupdate\odeumengine\odeumengine\x64\debug\odeumengine.tlog\cl.write.1.tlog
c:\users\aidan\documents\odeum\odeumsummerupdate\odeumengine\odeumengine\x64\debug\odeumengine.tlog\link.command.1.tlog
c:\users\aidan\documents\odeum\odeumsummerupdate\odeumengine\odeumengine\x64\debug\odeumengine.tlog\link.read.1.tlog
c:\users\aidan\documents\odeum\odeumsummerupdate\odeumengine\odeumengine\x64\debug\odeumengine.tlog\link.write.1.tlog
