c:\users\aidan\documents\odeum\odeum\odeumwin32\x64\debug\vc141.pdb
c:\users\aidan\documents\odeum\odeum\odeumwin32\x64\debug\vc141.idb
c:\users\aidan\documents\odeum\odeum\odeumwin32\x64\debug\renderer.obj
c:\users\aidan\documents\odeum\odeum\odeumwin32\x64\debug\pch.obj
c:\users\aidan\documents\odeum\odeum\odeumwin32\x64\debug\odeumengine.obj
c:\users\aidan\documents\odeum\odeum\odeumwin32\x64\debug\model.obj
c:\users\aidan\documents\odeum\odeum\odeumwin32\x64\debug\input.obj
c:\users\aidan\documents\odeum\odeum\odeumwin32\x64\debug\deviceresources.obj
c:\users\aidan\documents\odeum\odeum\odeumwin32\x64\debug\camera.obj
c:\users\aidan\documents\odeum\odeum\odeumwin32\x64\debug\app.obj
c:\users\aidan\documents\odeum\odeum\odeumwin32\x64\debug\timer.obj
c:\users\aidan\documents\odeum\odeum\odeumwin32\x64\debug\debug.obj
c:\users\aidan\documents\odeum\odeum\odeumwin32\x64\debug\startscene.obj
c:\users\aidan\documents\odeum\odeum\odeumwin32\x64\debug\game1.obj
c:\users\aidan\documents\odeum\odeum\odeumwin32\x64\debug\gamescene.obj
c:\users\aidan\documents\odeum\odeum\odeumwin32\x64\debug\gameobject.obj
c:\users\aidan\documents\odeum\odeum\odeumwin32\x64\debug\mesh.obj
c:\users\aidan\documents\odeum\odeum\odeumwin32\x64\debug\vc142.pdb
c:\users\aidan\documents\odeum\odeum\odeumwin32\x64\debug\vc142.idb
c:\users\aidan\documents\odeum\odeum\odeumwin32\x64\debug\texturehandler.obj
c:\users\aidan\documents\odeum\odeum\odeumwin32\x64\debug\colorshader.obj
c:\users\aidan\documents\odeum\odeum\odeumwin32\x64\debug\odeummain.obj
c:\users\aidan\documents\odeum\odeum\odeumwin32\x64\debug\odeumsample.obj
c:\users\aidan\documents\odeum\odeum\odeumwin32\x64\debug\rtrenderer.obj
c:\users\aidan\documents\odeum\odeum\odeumwin32\x64\debug\winmain.obj
c:\users\aidan\documents\odeum\odeum\odeumwin32\x64\debug\odeum.pch
c:\users\aidan\documents\odeum\odeum\x64\debug\odeum.pdb
c:\users\aidan\documents\odeum\odeum\odeumwin32\x64\debug\odeum.tlog\cl.command.1.tlog
c:\users\aidan\documents\odeum\odeum\odeumwin32\x64\debug\odeum.tlog\cl.read.1.tlog
c:\users\aidan\documents\odeum\odeum\odeumwin32\x64\debug\odeum.tlog\cl.write.1.tlog
c:\users\aidan\documents\odeum\odeum\odeumwin32\x64\debug\odeum.tlog\link-cvtres.read.1.tlog
c:\users\aidan\documents\odeum\odeum\odeumwin32\x64\debug\odeum.tlog\link-cvtres.write.1.tlog
c:\users\aidan\documents\odeum\odeum\odeumwin32\x64\debug\odeum.tlog\link-rc.read.1.tlog
c:\users\aidan\documents\odeum\odeum\odeumwin32\x64\debug\odeum.tlog\link-rc.write.1.tlog
c:\users\aidan\documents\odeum\odeum\odeumwin32\x64\debug\odeum.tlog\link.14872-cvtres.read.1.tlog
c:\users\aidan\documents\odeum\odeum\odeumwin32\x64\debug\odeum.tlog\link.14872-cvtres.write.1.tlog
c:\users\aidan\documents\odeum\odeum\odeumwin32\x64\debug\odeum.tlog\link.14872-rc.read.1.tlog
c:\users\aidan\documents\odeum\odeum\odeumwin32\x64\debug\odeum.tlog\link.14872-rc.write.1.tlog
c:\users\aidan\documents\odeum\odeum\odeumwin32\x64\debug\odeum.tlog\link.14872.read.1.tlog
c:\users\aidan\documents\odeum\odeum\odeumwin32\x64\debug\odeum.tlog\link.14872.write.1.tlog
c:\users\aidan\documents\odeum\odeum\odeumwin32\x64\debug\odeum.tlog\link.command.1.tlog
c:\users\aidan\documents\odeum\odeum\odeumwin32\x64\debug\odeum.tlog\link.read.1.tlog
c:\users\aidan\documents\odeum\odeum\odeumwin32\x64\debug\odeum.tlog\link.write.1.tlog
